

================================================================
== Vitis HLS Report for 'decision_function'
================================================================
* Date:           Sat Feb 17 17:32:41 2024

* Version:        2022.2 (Build 3670227 on Oct 13 2022)
* Project:        my_prj
* Solution:       solution1 (Vivado IP Flow Target)
* Product family: kintexu
* Target device:  xcku040-ffva1156-2-e


================================================================
== Performance Estimates
================================================================
+ Timing: 
    * Summary: 
    +--------+----------+----------+------------+
    |  Clock |  Target  | Estimated| Uncertainty|
    +--------+----------+----------+------------+
    |ap_clk  |  25.00 ns|  3.878 ns|     6.75 ns|
    +--------+----------+----------+------------+

+ Latency: 
    * Summary: 
    +---------+---------+----------+----------+-----+-----+---------+
    |  Latency (cycles) |  Latency (absolute) |  Interval | Pipeline|
    |   min   |   max   |    min   |    max   | min | max |   Type  |
    +---------+---------+----------+----------+-----+-----+---------+
    |        0|        0|      0 ns|      0 ns|    1|    1|      yes|
    +---------+---------+----------+----------+-----+-----+---------+

    + Detail: 
        * Instance: 
        N/A

        * Loop: 
        N/A



================================================================
== Utilization Estimates
================================================================
* Summary: 
+-----------------+---------+------+--------+--------+-----+
|       Name      | BRAM_18K|  DSP |   FF   |   LUT  | URAM|
+-----------------+---------+------+--------+--------+-----+
|DSP              |        -|     -|       -|       -|    -|
|Expression       |        -|     -|       0|     243|    -|
|FIFO             |        -|     -|       -|       -|    -|
|Instance         |        -|     -|       0|      51|    -|
|Memory           |        -|     -|       -|       -|    -|
|Multiplexer      |        -|     -|       -|       -|    -|
|Register         |        -|     -|       -|       -|    -|
+-----------------+---------+------+--------+--------+-----+
|Total            |        0|     0|       0|     294|    0|
+-----------------+---------+------+--------+--------+-----+
|Available        |     1200|  1920|  484800|  242400|    0|
+-----------------+---------+------+--------+--------+-----+
|Utilization (%)  |        0|     0|       0|      ~0|    0|
+-----------------+---------+------+--------+--------+-----+

+ Detail: 
    * Instance: 
    +-------------------+----------------+---------+----+---+----+-----+
    |      Instance     |     Module     | BRAM_18K| DSP| FF| LUT| URAM|
    +-------------------+----------------+---------+----+---+----+-----+
    |mux_104_28_1_1_U1  |mux_104_28_1_1  |        0|   0|  0|  51|    0|
    +-------------------+----------------+---------+----+---+----+-----+
    |Total              |                |        0|   0|  0|  51|    0|
    +-------------------+----------------+---------+----+---+----+-----+

    * DSP: 
    N/A

    * Memory: 
    N/A

    * FIFO: 
    N/A

    * Expression: 
    +-------------------------+----------+----+---+----+------------+------------+
    |      Variable Name      | Operation| DSP| FF| LUT| Bitwidth P0| Bitwidth P1|
    +-------------------------+----------+----+---+----+------------+------------+
    |and_ln73_10_fu_276_p2    |       and|   0|  0|   2|           1|           1|
    |and_ln73_1_fu_192_p2     |       and|   0|  0|   2|           1|           1|
    |and_ln73_2_fu_204_p2     |       and|   0|  0|   2|           1|           1|
    |and_ln73_3_fu_222_p2     |       and|   0|  0|   2|           1|           1|
    |and_ln73_4_fu_228_p2     |       and|   0|  0|   2|           1|           1|
    |and_ln73_5_fu_246_p2     |       and|   0|  0|   2|           1|           1|
    |and_ln73_6_fu_264_p2     |       and|   0|  0|   2|           1|           1|
    |and_ln73_7_fu_282_p2     |       and|   0|  0|   2|           1|           1|
    |and_ln73_8_fu_186_p2     |       and|   0|  0|   2|           1|           1|
    |and_ln73_9_fu_240_p2     |       and|   0|  0|   2|           1|           1|
    |and_ln73_fu_174_p2       |       and|   0|  0|   2|           1|           1|
    |and_ln75_1_fu_258_p2     |       and|   0|  0|   2|           1|           1|
    |and_ln75_fu_216_p2       |       and|   0|  0|   2|           1|           1|
    |icmp_ln1652_1_fu_126_p2  |      icmp|   0|  0|  18|          28|          12|
    |icmp_ln1652_2_fu_132_p2  |      icmp|   0|  0|  18|          28|          11|
    |icmp_ln1652_3_fu_138_p2  |      icmp|   0|  0|  18|          28|          19|
    |icmp_ln1652_4_fu_144_p2  |      icmp|   0|  0|  18|          28|          12|
    |icmp_ln1652_5_fu_150_p2  |      icmp|   0|  0|  18|          28|          11|
    |icmp_ln1652_6_fu_156_p2  |      icmp|   0|  0|  18|          28|           6|
    |icmp_ln1652_7_fu_162_p2  |      icmp|   0|  0|  18|          28|          20|
    |icmp_ln1652_8_fu_168_p2  |      icmp|   0|  0|  18|          28|          20|
    |icmp_ln1652_fu_120_p2    |      icmp|   0|  0|  18|          28|           8|
    |or_ln88_1_fu_294_p2      |        or|   0|  0|   2|           1|           1|
    |or_ln88_2_fu_300_p2      |        or|   0|  0|   2|           1|           1|
    |or_ln88_3_fu_306_p2      |        or|   0|  0|   2|           1|           1|
    |or_ln88_4_fu_312_p2      |        or|   0|  0|   2|           1|           1|
    |or_ln88_5_fu_318_p2      |        or|   0|  0|   2|           1|           1|
    |or_ln88_6_fu_324_p2      |        or|   0|  0|   2|           1|           1|
    |or_ln88_fu_288_p2        |        or|   0|  0|   2|           1|           1|
    |agg_result_fu_412_p11    |    select|   0|  0|   4|           1|           4|
    |select_ln89_1_fu_348_p3  |    select|   0|  0|   2|           1|           2|
    |select_ln89_2_fu_360_p3  |    select|   0|  0|   4|           1|           3|
    |select_ln89_3_fu_368_p3  |    select|   0|  0|   3|           1|           3|
    |select_ln89_4_fu_376_p3  |    select|   0|  0|   3|           1|           3|
    |select_ln89_5_fu_384_p3  |    select|   0|  0|   3|           1|           3|
    |select_ln89_6_fu_396_p3  |    select|   0|  0|   5|           1|           4|
    |select_ln89_fu_340_p3    |    select|   0|  0|   3|           1|           2|
    |xor_ln75_1_fu_198_p2     |       xor|   0|  0|   2|           1|           2|
    |xor_ln75_2_fu_210_p2     |       xor|   0|  0|   2|           1|           2|
    |xor_ln75_3_fu_234_p2     |       xor|   0|  0|   2|           1|           2|
    |xor_ln75_4_fu_252_p2     |       xor|   0|  0|   2|           1|           2|
    |xor_ln75_5_fu_270_p2     |       xor|   0|  0|   2|           1|           2|
    |xor_ln75_fu_180_p2       |       xor|   0|  0|   2|           1|           2|
    |xor_ln89_fu_330_p2       |       xor|   0|  0|   2|           2|           1|
    +-------------------------+----------+----+---+----+------------+------------+
    |Total                    |          |   0|  0| 243|         288|         176|
    +-------------------------+----------+----+---+----+------------+------------+

    * Multiplexer: 
    N/A

    * Register: 
    N/A



================================================================
== Interface
================================================================
* Summary: 
+-----------+-----+-----+------------+-------------------+--------------+
| RTL Ports | Dir | Bits|  Protocol  |   Source Object   |    C Type    |
+-----------+-----+-----+------------+-------------------+--------------+
|ap_ready   |  out|    1|  ap_ctrl_hs|  decision_function|  return value|
|ap_return  |  out|   28|  ap_ctrl_hs|  decision_function|  return value|
|p_read1    |   in|   28|     ap_none|            p_read1|        scalar|
|p_read2    |   in|   28|     ap_none|            p_read2|        scalar|
|p_read3    |   in|   28|     ap_none|            p_read3|        scalar|
|p_read4    |   in|   28|     ap_none|            p_read4|        scalar|
|p_read5    |   in|   28|     ap_none|            p_read5|        scalar|
|p_read6    |   in|   28|     ap_none|            p_read6|        scalar|
|p_read7    |   in|   28|     ap_none|            p_read7|        scalar|
+-----------+-----+-----+------------+-------------------+--------------+

